<?xml version="1.0" encoding="UTF-8"?>
<!-- Generated by org.testng.reporters.JUnitXMLReporter -->
<testsuite ignored="0" hostname="LATAM-4T61GG3" failures="0" tests="2" name="Surefire test" time="22.51" errors="0" timestamp="2024-04-17T15:58:34 COT">
  <testcase classname="io.cucumber.testng.AbstractTestNGCucumberTests" name="runScenario" time="8.842"/>
  <testcase classname="io.cucumber.testng.AbstractTestNGCucumberTests" name="runScenario" time="13.133"/>
</testsuite> <!-- Surefire test -->
