<?xml version="1.0" encoding="UTF-8"?>
<!-- Generated by org.testng.reporters.JUnitXMLReporter -->
<testsuite ignored="0" hostname="LATAM-4T61GG3" failures="0" tests="2" name="Error Validations Test" time="20.457" errors="0" timestamp="2024-04-04T11:27:35 COT">
  <testcase classname="SelfStudyAcademy.SeleniumFrameworkDesign.ErrorValidationsTest" name="FailedOrder" time="5.499"/>
  <testcase classname="SelfStudyAcademy.SeleniumFrameworkDesign.ErrorValidationsTest" name="failedLogin" time="1.146"/>
</testsuite> <!-- Error Validations Test -->
