<?xml version="1.0" encoding="UTF-8"?>
<!-- Generated by org.testng.reporters.JUnitXMLReporter -->
<testsuite ignored="0" hostname="LATAM-4T61GG3" failures="0" tests="3" name="Submit Order Test" time="33.056" errors="0" timestamp="2024-04-04T11:27:48 COT">
  <testcase classname="SelfStudyAcademy.SeleniumFrameworkDesign.SubmitOrderTest" name="submitOder" time="6.591"/>
  <testcase classname="SelfStudyAcademy.SeleniumFrameworkDesign.SubmitOrderTest" name="submitOder" time="6.512"/>
  <testcase classname="SelfStudyAcademy.SeleniumFrameworkDesign.SubmitOrderTest" name="orderHistory" time="0.976"/>
</testsuite> <!-- Submit Order Test -->
