<?xml version="1.0" encoding="UTF-8"?>
<!-- Generated by org.testng.reporters.JUnitXMLReporter -->
<testsuite ignored="0" hostname="LATAM-4T61GG3" failures="0" tests="2" name="Error Validations Test" time="21.914" errors="0" timestamp="2024-04-05T08:13:45 COT">
  <testcase classname="SelfStudyAcademy.SeleniumFrameworkDesign.ErrorValidationsTest" name="FailedOrder" time="5.572"/>
  <testcase classname="SelfStudyAcademy.SeleniumFrameworkDesign.ErrorValidationsTest" name="failedLogin" time="0.677"/>
</testsuite> <!-- Error Validations Test -->
