<?xml version="1.0" encoding="UTF-8"?>
<testng-results ignored="0" total="2" passed="2" failed="0" skipped="0">
  <reporter-output>
  </reporter-output>
  <suite started-at="2024-04-17T15:58:12 COT" name="Surefire suite" finished-at="2024-04-17T15:58:34 COT" duration-ms="22510">
    <groups>
      <group name="cucumber">
        <method signature="AbstractTestNGCucumberTests.runScenario(io.cucumber.testng.PickleWrapper,io.cucumber.testng.FeatureWrapper)[pri:0, instance:SelfStudyAcademy.Cucumber.TestNGTestRunner@3ba9ad43]" name="runScenario" class="io.cucumber.testng.AbstractTestNGCucumberTests"/>
      </group> <!-- cucumber -->
    </groups>
    <test started-at="2024-04-17T15:58:12 COT" name="Surefire test" finished-at="2024-04-17T15:58:34 COT" duration-ms="22510">
      <class name="SelfStudyAcademy.Cucumber.TestNGTestRunner">
        <test-method is-config="true" signature="setUpClass(org.testng.ITestContext)[pri:0, instance:SelfStudyAcademy.Cucumber.TestNGTestRunner@3ba9ad43]" started-at="2024-04-17T15:58:12 COT" name="setUpClass" finished-at="2024-04-17T15:58:12 COT" duration-ms="494" status="PASS">
          <params>
            <param index="0">
              <value>
                <![CDATA[org.testng.TestRunner@26fb4d06]]>
              </value>
            </param>
          </params>
          <reporter-output>
          </reporter-output>
        </test-method> <!-- setUpClass -->
        <test-method signature="runScenario(io.cucumber.testng.PickleWrapper,io.cucumber.testng.FeatureWrapper)[pri:0, instance:SelfStudyAcademy.Cucumber.TestNGTestRunner@3ba9ad43]" started-at="2024-04-17T15:58:12 COT" name="runScenario" description="Runs Cucumber Scenarios" data-provider="scenarios" finished-at="2024-04-17T15:58:21 COT" duration-ms="8842" status="PASS">
          <params>
            <param index="0">
              <value>
                <![CDATA["Show error message when bad credentials"]]>
              </value>
            </param>
            <param index="1">
              <value>
                <![CDATA["Error Validation"]]>
              </value>
            </param>
          </params>
          <reporter-output>
          </reporter-output>
        </test-method> <!-- runScenario -->
        <test-method signature="runScenario(io.cucumber.testng.PickleWrapper,io.cucumber.testng.FeatureWrapper)[pri:0, instance:SelfStudyAcademy.Cucumber.TestNGTestRunner@3ba9ad43]" started-at="2024-04-17T15:58:21 COT" name="runScenario" description="Runs Cucumber Scenarios" data-provider="scenarios" finished-at="2024-04-17T15:58:34 COT" duration-ms="13133" status="PASS">
          <params>
            <param index="0">
              <value>
                <![CDATA["Positive Test for Submitting the order"]]>
              </value>
            </param>
            <param index="1">
              <value>
                <![CDATA["Purchase the order from ecommerce website"]]>
              </value>
            </param>
          </params>
          <reporter-output>
          </reporter-output>
        </test-method> <!-- runScenario -->
        <test-method is-config="true" signature="tearDownClass()[pri:0, instance:SelfStudyAcademy.Cucumber.TestNGTestRunner@3ba9ad43]" started-at="2024-04-17T15:58:34 COT" name="tearDownClass" finished-at="2024-04-17T15:58:34 COT" duration-ms="11" status="PASS">
          <reporter-output>
          </reporter-output>
        </test-method> <!-- tearDownClass -->
      </class> <!-- SelfStudyAcademy.Cucumber.TestNGTestRunner -->
    </test> <!-- Surefire test -->
  </suite> <!-- Surefire suite -->
</testng-results>
