<?xml version="1.0" encoding="UTF-8"?>
<testng-results ignored="0" total="2" passed="2" failed="0" skipped="0">
  <reporter-output>
  </reporter-output>
  <suite started-at="2024-04-17T15:55:10 COT" name="Default suite" finished-at="2024-04-17T15:55:33 COT" duration-ms="22571">
    <groups>
      <group name="cucumber">
        <method signature="AbstractTestNGCucumberTests.runScenario(io.cucumber.testng.PickleWrapper,io.cucumber.testng.FeatureWrapper)[pri:0, instance:SelfStudyAcademy.Cucumber.TestNGTestRunner@5824a83d]" name="runScenario" class="io.cucumber.testng.AbstractTestNGCucumberTests"/>
      </group> <!-- cucumber -->
    </groups>
    <test started-at="2024-04-17T15:55:10 COT" name="Default test" finished-at="2024-04-17T15:55:33 COT" duration-ms="22571">
      <class name="SelfStudyAcademy.Cucumber.TestNGTestRunner">
        <test-method is-config="true" signature="setUpClass(org.testng.ITestContext)[pri:0, instance:SelfStudyAcademy.Cucumber.TestNGTestRunner@5824a83d]" started-at="2024-04-17T15:55:10 COT" name="setUpClass" finished-at="2024-04-17T15:55:11 COT" duration-ms="649" status="PASS">
          <params>
            <param index="0">
              <value>
                <![CDATA[org.testng.TestRunner@1c3259fa]]>
              </value>
            </param>
          </params>
          <reporter-output>
          </reporter-output>
        </test-method> <!-- setUpClass -->
        <test-method signature="runScenario(io.cucumber.testng.PickleWrapper,io.cucumber.testng.FeatureWrapper)[pri:0, instance:SelfStudyAcademy.Cucumber.TestNGTestRunner@5824a83d]" started-at="2024-04-17T15:55:11 COT" name="runScenario" description="Runs Cucumber Scenarios" data-provider="scenarios" finished-at="2024-04-17T15:55:19 COT" duration-ms="8352" status="PASS">
          <params>
            <param index="0">
              <value>
                <![CDATA["Show error message when bad credentials"]]>
              </value>
            </param>
            <param index="1">
              <value>
                <![CDATA["Error Validation"]]>
              </value>
            </param>
          </params>
          <reporter-output>
          </reporter-output>
        </test-method> <!-- runScenario -->
        <test-method signature="runScenario(io.cucumber.testng.PickleWrapper,io.cucumber.testng.FeatureWrapper)[pri:0, instance:SelfStudyAcademy.Cucumber.TestNGTestRunner@5824a83d]" started-at="2024-04-17T15:55:19 COT" name="runScenario" description="Runs Cucumber Scenarios" data-provider="scenarios" finished-at="2024-04-17T15:55:33 COT" duration-ms="13518" status="PASS">
          <params>
            <param index="0">
              <value>
                <![CDATA["Positive Test for Submitting the order"]]>
              </value>
            </param>
            <param index="1">
              <value>
                <![CDATA["Purchase the order from ecommerce website"]]>
              </value>
            </param>
          </params>
          <reporter-output>
          </reporter-output>
        </test-method> <!-- runScenario -->
        <test-method is-config="true" signature="tearDownClass()[pri:0, instance:SelfStudyAcademy.Cucumber.TestNGTestRunner@5824a83d]" started-at="2024-04-17T15:55:33 COT" name="tearDownClass" finished-at="2024-04-17T15:55:33 COT" duration-ms="19" status="PASS">
          <reporter-output>
          </reporter-output>
        </test-method> <!-- tearDownClass -->
      </class> <!-- SelfStudyAcademy.Cucumber.TestNGTestRunner -->
    </test> <!-- Default test -->
  </suite> <!-- Default suite -->
</testng-results>
